Arguments: 
  /home/jesus/.nvm/versions/node/v9.9.0/bin/node /usr/share/yarn/bin/yarn.js add mocha nyc

PATH: 
  /home/jesus/.nvm/versions/node/v9.9.0/bin:/usr/local/sbin:/usr/local/bin:/usr/sbin:/usr/bin:/sbin:/bin:/usr/games:/usr/local/games:/snap/bin

Yarn version: 
  1.7.0

Node version: 
  9.9.0

Platform: 
  linux x64

Trace: 
  Error: https://registry.yarnpkg.com/mocha: ETIMEDOUT
      at Timeout._onTimeout (/usr/share/yarn/lib/cli.js:135339:19)
      at ontimeout (timers.js:466:11)
      at tryOnTimeout (timers.js:304:5)
      at Timer.listOnTimeout (timers.js:267:5)

npm manifest: 
  {
    "name": "test-nyc",
    "version": "1.0.0",
    "description": "",
    "main": "index.js",
    "scripts": {
      "test": "echo \"Error: no test specified\" && exit 1"
    },
    "author": "",
    "license": "ISC"
  }

yarn manifest: 
  No manifest

Lockfile: 
  No lockfile
